Seq-entry ::= seq {
  id {
    other {
      name "NC_000022" ,
      accession "NC_000022" ,
      version 7 } ,
    general {
      db "NCBI_GENOMES" ,
      tag
        id 22 } ,
    gi 42406309 } ,
  descr {
    user {
      type
        str "GenomeBuild" ,
      data {
        {
          label
            str "Assembly" ,
          data
            str "HGSC Finished Genome v2.0" } ,
        {
          label
            str "NcbiAnnotation" ,
          data
            str "34" } ,
        {
          label
            str "NcbiVersion" ,
          data
            str "3" } ,
        {
          label
            str "DataFreeze" ,
          data
            str "Jul 30, 2003" } } } ,
    comment "The DNA sequence is part of the second release of the finished
 human reference genome. It was assembled from individual clone sequences by
 the Human Genome Sequencing Consortium in consultation with NCBI staff." ,
    molinfo {
      biomol genomic ,
      tech htgs-3 } ,
    user {
      class "Genomes" ,
      type
        str "info" ,
      data {
        {
          label
            id 1 ,
          data
            int 22 } } } ,
    title "Homo sapiens chromosome 22" ,
    source {
      genome genomic ,
      org {
        taxname "Homo sapiens" ,
        common "human" ,
        db {
          {
            db "taxon" ,
            tag
              id 9606 } } ,
        orgname {
          name
            binomial {
              genus "Homo" ,
              species "sapiens" } ,
          lineage "Eukaryota; Metazoa; Chordata; Craniata; Vertebrata;
 Euteleostomi; Mammalia; Eutheria; Primates; Catarrhini; Hominidae; Homo" ,
          gcode 1 ,
          mgcode 2 ,
          div "PRI" } } ,
      subtype {
        {
          subtype chromosome ,
          name "22" } } } ,
    pub {
      pub {
        article {
          title {
            name "The DNA sequence of human chromosome 22." } ,
          authors {
            names
              ml {
                "Dunham I" ,
                "Shimizu N" ,
                "Roe BA" ,
                "Chissoe S" ,
                "Hunt AR" ,
                "Collins JE" ,
                "Bruskiewich R" ,
                "Beare DM" ,
                "Clamp M" ,
                "Smink LJ" ,
                "Ainscough R" ,
                "Almeida JP" ,
                "Babbage A" ,
                "Bagguley C" ,
                "Bailey J" ,
                "Barlow K" ,
                "Bates KN" ,
                "Beasley O" ,
                "Bird CP" ,
                "Blakey S" ,
                "Bridgeman AM" ,
                "Buck D" ,
                "Burgess J" ,
                "Burrill WD" ,
                "O'Brien KP" ,
                "et al" } ,
            affil
              str "The Sanger Centre, Wellcome Trust Genome Campus, Hinxton,
 Cambridge, UK. id1@sanger.ac.uk" } ,
          from
            journal {
              title {
                name "Nature." ,
                iso-jta "Nature" ,
                ml-jta "Nature" ,
                issn "0028-0836" ,
                jta "NSC" } ,
              imp {
                date
                  std {
                    year 1999 ,
                    month 12 ,
                    day 2 } ,
                volume "402" ,
                issue "6761" ,
                pages "489-495" ,
                language "eng" } } ,
          ids {
            pubmed 10591208 ,
            medline 20057165 } } ,
        pmid 10591208 ,
        muid 20057165 } } ,
    pub {
      pub {
        gen {
          cit "Unpublished" ,
          authors {
            names
              str {
                "International Human Genome Sequencing Consortium" } } ,
          date
            std {
              year 2003 } ,
          title "The complete sequence of Homo sapiens" } } } ,
    create-date
      std {
        year 2002 ,
        month 8 ,
        day 30 } ,
    update-date
      std {
        year 2004 ,
        month 2 ,
        day 20 } } ,
  inst {
    repr delta ,
    mol dna ,
    length 49396972 ,
    strand ds ,
    ext
      delta {
        literal {
          length 11330000 } ,
        literal {
          length 3000000 } ,
        literal {
          length 100000 } ,
        loc
          int {
            from 0 ,
            to 234225 ,
            strand plus ,
            id
              gi 14776721 } ,
        literal {
          length 1900 } ,
        loc
          int {
            from 0 ,
            to 406277 ,
            strand plus ,
            id
              gi 29807603 } ,
        literal {
          length 150000 } ,
        loc
          int {
            from 0 ,
            to 3661580 ,
            strand plus ,
            id
              gi 29806588 } ,
        literal {
          length 50000 } ,
        loc
          int {
            from 0 ,
            to 23178212 ,
            strand plus ,
            id
              gi 29807292 } ,
        literal {
          length 50000 } ,
        loc
          int {
            from 0 ,
            to 805156 ,
            strand plus ,
            id
              gi 29807329 } ,
        literal {
          length 43000 } ,
        loc
          int {
            from 0 ,
            to 1535001 ,
            strand plus ,
            id
              gi 29807376 } ,
        literal {
          length 87000 } ,
        loc
          int {
            from 0 ,
            to 2557084 ,
            strand plus ,
            id
              gi 29807498 } ,
        literal {
          length 50000 } ,
        loc
          int {
            from 0 ,
            to 214500 ,
            strand plus ,
            id
              gi 29807617 } ,
        literal {
          length 59000 } ,
        loc
          int {
            from 0 ,
            to 1030093 ,
            strand plus ,
            id
              gi 29807536 } ,
        literal {
          length 64000 } ,
        loc
          int {
            from 0 ,
            to 290505 ,
            strand plus ,
            id
              gi 14779868 } ,
        literal {
          length 40000 } ,
        loc
          int {
            from 0 ,
            to 439428 ,
            strand plus ,
            id
              gi 29807563 } ,
        literal {
          length 20000 } } ,
    hist {
      replaces {
        date
          std {
            year 2004 ,
            month 2 ,
            day 4 } ,
        ids {
          gi 42406088 } } } } }

